[2024-09-10T16:28:55.386+0530] {local_task_job_runner.py:123} INFO - ::group::Pre task execution logs
[2024-09-10T16:28:55.415+0530] {taskinstance.py:2612} INFO - Dependencies all met for dep_context=non-requeueable deps ti=<TaskInstance: beam_etl_dag_with_credentials.run_beam_pipeline manual__2024-09-10T10:58:50.104254+00:00 [queued]>
[2024-09-10T16:28:55.418+0530] {taskinstance.py:2612} INFO - Dependencies all met for dep_context=requeueable deps ti=<TaskInstance: beam_etl_dag_with_credentials.run_beam_pipeline manual__2024-09-10T10:58:50.104254+00:00 [queued]>
[2024-09-10T16:28:55.418+0530] {taskinstance.py:2865} INFO - Starting attempt 1 of 2
[2024-09-10T16:28:55.441+0530] {taskinstance.py:2888} INFO - Executing <Task(PythonOperator): run_beam_pipeline> on 2024-09-10 10:58:50.104254+00:00
[2024-09-10T16:28:55.448+0530] {standard_task_runner.py:72} INFO - Started process 200647 to run task
[2024-09-10T16:28:55.455+0530] {standard_task_runner.py:104} INFO - Running: ['airflow', 'tasks', 'run', 'beam_etl_dag_with_credentials', 'run_beam_pipeline', 'manual__2024-09-10T10:58:50.104254+00:00', '--job-id', '84', '--raw', '--subdir', 'DAGS_FOLDER/beam_etl_dag.py', '--cfg-path', '/tmp/tmpwmhp5ekn']
[2024-09-10T16:28:55.456+0530] {standard_task_runner.py:105} INFO - Job 84: Subtask run_beam_pipeline
[2024-09-10T16:28:55.528+0530] {task_command.py:467} INFO - Running <TaskInstance: beam_etl_dag_with_credentials.run_beam_pipeline manual__2024-09-10T10:58:50.104254+00:00 [running]> on host PG0392KD.springernature.com
[2024-09-10T16:28:55.608+0530] {taskinstance.py:3131} INFO - Exporting env vars: AIRFLOW_CTX_DAG_OWNER='airflow' AIRFLOW_CTX_DAG_ID='beam_etl_dag_with_credentials' AIRFLOW_CTX_TASK_ID='run_beam_pipeline' AIRFLOW_CTX_EXECUTION_DATE='2024-09-10T10:58:50.104254+00:00' AIRFLOW_CTX_TRY_NUMBER='1' AIRFLOW_CTX_DAG_RUN_ID='manual__2024-09-10T10:58:50.104254+00:00'
[2024-09-10T16:28:55.609+0530] {logging_mixin.py:190} INFO - Task instance is in running state
[2024-09-10T16:28:55.609+0530] {logging_mixin.py:190} INFO -  Previous state of the Task instance: queued
[2024-09-10T16:28:55.610+0530] {logging_mixin.py:190} INFO - Current task name:run_beam_pipeline state:running start_date:2024-09-10 10:58:55.415479+00:00
[2024-09-10T16:28:55.610+0530] {logging_mixin.py:190} INFO - Dag name:beam_etl_dag_with_credentials and current dag run status:running
[2024-09-10T16:28:55.610+0530] {taskinstance.py:731} INFO - ::endgroup::
[2024-09-10T16:28:55.624+0530] {pipeline.py:197} INFO - Missing pipeline option (runner). Executing pipeline using the default runner: DirectRunner.
[2024-09-10T16:28:58.487+0530] {statecache.py:234} INFO - Creating state cache with size 104857600
[2024-09-10T16:29:09.092+0530] {bundle_processor.py:237} ERROR - 'str' object has no attribute 'decode' [while running 'Decode']
Traceback (most recent call last):
  File "apache_beam/runners/common.py", line 1496, in apache_beam.runners.common.DoFnRunner.process
  File "apache_beam/runners/common.py", line 689, in apache_beam.runners.common.SimpleInvoker.invoke_process
  File "/home/sst7260/airflow_projects/project1/env/lib/python3.10/site-packages/apache_beam/transforms/core.py", line 2041, in <lambda>
    wrapper = lambda x: [fn(x)]
  File "/home/sst7260/airflow_projects/project1/dags/beam_etl_dag.py", line 36, in <lambda>
    | 'Decode' >> beam.Map(lambda x: x.decode('ISO-8859-1').split(','))
AttributeError: 'str' object has no attribute 'decode'. Did you mean: 'encode'?
[2024-09-10T16:29:09.138+0530] {taskinstance.py:3310} ERROR - Task failed with exception
Traceback (most recent call last):
  File "apache_beam/runners/common.py", line 1496, in apache_beam.runners.common.DoFnRunner.process
  File "apache_beam/runners/common.py", line 689, in apache_beam.runners.common.SimpleInvoker.invoke_process
  File "/home/sst7260/airflow_projects/project1/env/lib/python3.10/site-packages/apache_beam/transforms/core.py", line 2041, in <lambda>
    wrapper = lambda x: [fn(x)]
  File "/home/sst7260/airflow_projects/project1/dags/beam_etl_dag.py", line 36, in <lambda>
    | 'Decode' >> beam.Map(lambda x: x.decode('ISO-8859-1').split(','))
AttributeError: 'str' object has no attribute 'decode'. Did you mean: 'encode'?

During handling of the above exception, another exception occurred:

Traceback (most recent call last):
  File "/home/sst7260/airflow_projects/project1/env/lib/python3.10/site-packages/airflow/models/taskinstance.py", line 767, in _execute_task
    result = _execute_callable(context=context, **execute_callable_kwargs)
  File "/home/sst7260/airflow_projects/project1/env/lib/python3.10/site-packages/airflow/models/taskinstance.py", line 733, in _execute_callable
    return ExecutionCallableRunner(
  File "/home/sst7260/airflow_projects/project1/env/lib/python3.10/site-packages/airflow/utils/operator_helpers.py", line 252, in run
    return self.func(*args, **kwargs)
  File "/home/sst7260/airflow_projects/project1/env/lib/python3.10/site-packages/airflow/models/baseoperator.py", line 406, in wrapper
    return func(self, *args, **kwargs)
  File "/home/sst7260/airflow_projects/project1/env/lib/python3.10/site-packages/airflow/operators/python.py", line 238, in execute
    return_value = self.execute_callable()
  File "/home/sst7260/airflow_projects/project1/env/lib/python3.10/site-packages/airflow/operators/python.py", line 256, in execute_callable
    return runner.run(*self.op_args, **self.op_kwargs)
  File "/home/sst7260/airflow_projects/project1/env/lib/python3.10/site-packages/airflow/utils/operator_helpers.py", line 252, in run
    return self.func(*args, **kwargs)
  File "/home/sst7260/airflow_projects/project1/dags/beam_etl_dag.py", line 32, in run_beam_pipeline
    with beam.Pipeline(options=options) as p:
  File "/home/sst7260/airflow_projects/project1/env/lib/python3.10/site-packages/apache_beam/pipeline.py", line 613, in __exit__
    self.result = self.run()
  File "/home/sst7260/airflow_projects/project1/env/lib/python3.10/site-packages/apache_beam/pipeline.py", line 587, in run
    return self.runner.run_pipeline(self, self._options)
  File "/home/sst7260/airflow_projects/project1/env/lib/python3.10/site-packages/apache_beam/runners/direct/direct_runner.py", line 128, in run_pipeline
    return runner.run_pipeline(pipeline, options)
  File "/home/sst7260/airflow_projects/project1/env/lib/python3.10/site-packages/apache_beam/runners/portability/fn_api_runner/fn_runner.py", line 204, in run_pipeline
    self._latest_run_result = self.run_via_runner_api(
  File "/home/sst7260/airflow_projects/project1/env/lib/python3.10/site-packages/apache_beam/runners/portability/fn_api_runner/fn_runner.py", line 228, in run_via_runner_api
    return self.run_stages(stage_context, stages)
  File "/home/sst7260/airflow_projects/project1/env/lib/python3.10/site-packages/apache_beam/runners/portability/fn_api_runner/fn_runner.py", line 483, in run_stages
    bundle_results = self._execute_bundle(
  File "/home/sst7260/airflow_projects/project1/env/lib/python3.10/site-packages/apache_beam/runners/portability/fn_api_runner/fn_runner.py", line 811, in _execute_bundle
    self._run_bundle(
  File "/home/sst7260/airflow_projects/project1/env/lib/python3.10/site-packages/apache_beam/runners/portability/fn_api_runner/fn_runner.py", line 1048, in _run_bundle
    result, splits = bundle_manager.process_bundle(
  File "/home/sst7260/airflow_projects/project1/env/lib/python3.10/site-packages/apache_beam/runners/portability/fn_api_runner/fn_runner.py", line 1384, in process_bundle
    result_future = self._worker_handler.control_conn.push(process_bundle_req)
  File "/home/sst7260/airflow_projects/project1/env/lib/python3.10/site-packages/apache_beam/runners/portability/fn_api_runner/worker_handlers.py", line 384, in push
    response = self.worker.do_instruction(request)
  File "/home/sst7260/airflow_projects/project1/env/lib/python3.10/site-packages/apache_beam/runners/worker/sdk_worker.py", line 656, in do_instruction
    return getattr(self, request_type)(
  File "/home/sst7260/airflow_projects/project1/env/lib/python3.10/site-packages/apache_beam/runners/worker/sdk_worker.py", line 694, in process_bundle
    bundle_processor.process_bundle(instruction_id))
  File "/home/sst7260/airflow_projects/project1/env/lib/python3.10/site-packages/apache_beam/runners/worker/bundle_processor.py", line 1119, in process_bundle
    input_op_by_transform_id[element.transform_id].process_encoded(
  File "/home/sst7260/airflow_projects/project1/env/lib/python3.10/site-packages/apache_beam/runners/worker/bundle_processor.py", line 237, in process_encoded
    self.output(decoded_value)
  File "apache_beam/runners/worker/operations.py", line 569, in apache_beam.runners.worker.operations.Operation.output
  File "apache_beam/runners/worker/operations.py", line 571, in apache_beam.runners.worker.operations.Operation.output
  File "apache_beam/runners/worker/operations.py", line 262, in apache_beam.runners.worker.operations.SingletonElementConsumerSet.receive
  File "apache_beam/runners/worker/operations.py", line 265, in apache_beam.runners.worker.operations.SingletonElementConsumerSet.receive
  File "apache_beam/runners/worker/operations.py", line 1066, in apache_beam.runners.worker.operations.SdfProcessSizedElements.process
  File "apache_beam/runners/worker/operations.py", line 1075, in apache_beam.runners.worker.operations.SdfProcessSizedElements.process
  File "apache_beam/runners/common.py", line 1528, in apache_beam.runners.common.DoFnRunner.process_with_sized_restriction
  File "apache_beam/runners/common.py", line 894, in apache_beam.runners.common.PerWindowInvoker.invoke_process
  File "apache_beam/runners/common.py", line 1054, in apache_beam.runners.common.PerWindowInvoker._invoke_process_per_window
  File "apache_beam/runners/common.py", line 1682, in apache_beam.runners.common._OutputHandler.handle_process_outputs
  File "apache_beam/runners/common.py", line 1795, in apache_beam.runners.common._OutputHandler._write_value_to_tag
  File "apache_beam/runners/worker/operations.py", line 265, in apache_beam.runners.worker.operations.SingletonElementConsumerSet.receive
  File "apache_beam/runners/worker/operations.py", line 952, in apache_beam.runners.worker.operations.DoOperation.process
  File "apache_beam/runners/worker/operations.py", line 953, in apache_beam.runners.worker.operations.DoOperation.process
  File "apache_beam/runners/common.py", line 1498, in apache_beam.runners.common.DoFnRunner.process
  File "apache_beam/runners/common.py", line 1608, in apache_beam.runners.common.DoFnRunner._reraise_augmented
  File "apache_beam/runners/common.py", line 1496, in apache_beam.runners.common.DoFnRunner.process
  File "apache_beam/runners/common.py", line 689, in apache_beam.runners.common.SimpleInvoker.invoke_process
  File "/home/sst7260/airflow_projects/project1/env/lib/python3.10/site-packages/apache_beam/transforms/core.py", line 2041, in <lambda>
    wrapper = lambda x: [fn(x)]
  File "/home/sst7260/airflow_projects/project1/dags/beam_etl_dag.py", line 36, in <lambda>
    | 'Decode' >> beam.Map(lambda x: x.decode('ISO-8859-1').split(','))
AttributeError: 'str' object has no attribute 'decode' [while running 'Decode']
[2024-09-10T16:29:09.162+0530] {logging_mixin.py:190} INFO - Task instance in failure state
[2024-09-10T16:29:09.162+0530] {logging_mixin.py:190} INFO - Task start:2024-09-10 10:58:55.415479+00:00 end:2024-09-10 10:59:09.162048+00:00 duration:13.746569
[2024-09-10T16:29:09.162+0530] {logging_mixin.py:190} INFO - Task:<Task(PythonOperator): run_beam_pipeline> dag:<DAG: beam_etl_dag_with_credentials> dagrun:<DagRun beam_etl_dag_with_credentials @ 2024-09-10 10:58:50.104254+00:00: manual__2024-09-10T10:58:50.104254+00:00, state:running, queued_at: 2024-09-10 10:58:50.146576+00:00. externally triggered: True>
[2024-09-10T16:29:09.162+0530] {logging_mixin.py:190} INFO - Failure caused by 'str' object has no attribute 'decode' [while running 'Decode']
[2024-09-10T16:29:09.162+0530] {taskinstance.py:1225} INFO - Marking task as UP_FOR_RETRY. dag_id=beam_etl_dag_with_credentials, task_id=run_beam_pipeline, run_id=manual__2024-09-10T10:58:50.104254+00:00, execution_date=20240910T105850, start_date=20240910T105855, end_date=20240910T105909
[2024-09-10T16:29:09.190+0530] {taskinstance.py:340} INFO - ::group::Post task execution logs
[2024-09-10T16:29:09.191+0530] {standard_task_runner.py:124} ERROR - Failed to execute job 84 for task run_beam_pipeline ('str' object has no attribute 'decode' [while running 'Decode']; 200647)
Traceback (most recent call last):
  File "apache_beam/runners/common.py", line 1496, in apache_beam.runners.common.DoFnRunner.process
  File "apache_beam/runners/common.py", line 689, in apache_beam.runners.common.SimpleInvoker.invoke_process
  File "/home/sst7260/airflow_projects/project1/env/lib/python3.10/site-packages/apache_beam/transforms/core.py", line 2041, in <lambda>
    wrapper = lambda x: [fn(x)]
  File "/home/sst7260/airflow_projects/project1/dags/beam_etl_dag.py", line 36, in <lambda>
    | 'Decode' >> beam.Map(lambda x: x.decode('ISO-8859-1').split(','))
AttributeError: 'str' object has no attribute 'decode'. Did you mean: 'encode'?

During handling of the above exception, another exception occurred:

Traceback (most recent call last):
  File "/home/sst7260/airflow_projects/project1/env/lib/python3.10/site-packages/airflow/task/task_runner/standard_task_runner.py", line 117, in _start_by_fork
    ret = args.func(args, dag=self.dag)
  File "/home/sst7260/airflow_projects/project1/env/lib/python3.10/site-packages/airflow/cli/cli_config.py", line 49, in command
    return func(*args, **kwargs)
  File "/home/sst7260/airflow_projects/project1/env/lib/python3.10/site-packages/airflow/utils/cli.py", line 115, in wrapper
    return f(*args, **kwargs)
  File "/home/sst7260/airflow_projects/project1/env/lib/python3.10/site-packages/airflow/cli/commands/task_command.py", line 483, in task_run
    task_return_code = _run_task_by_selected_method(args, _dag, ti)
  File "/home/sst7260/airflow_projects/project1/env/lib/python3.10/site-packages/airflow/cli/commands/task_command.py", line 256, in _run_task_by_selected_method
    return _run_raw_task(args, ti)
  File "/home/sst7260/airflow_projects/project1/env/lib/python3.10/site-packages/airflow/cli/commands/task_command.py", line 341, in _run_raw_task
    return ti._run_raw_task(
  File "/home/sst7260/airflow_projects/project1/env/lib/python3.10/site-packages/airflow/utils/session.py", line 97, in wrapper
    return func(*args, session=session, **kwargs)
  File "/home/sst7260/airflow_projects/project1/env/lib/python3.10/site-packages/airflow/models/taskinstance.py", line 3004, in _run_raw_task
    return _run_raw_task(
  File "/home/sst7260/airflow_projects/project1/env/lib/python3.10/site-packages/airflow/models/taskinstance.py", line 273, in _run_raw_task
    TaskInstance._execute_task_with_callbacks(
  File "/home/sst7260/airflow_projects/project1/env/lib/python3.10/site-packages/airflow/models/taskinstance.py", line 3158, in _execute_task_with_callbacks
    result = self._execute_task(context, task_orig)
  File "/home/sst7260/airflow_projects/project1/env/lib/python3.10/site-packages/airflow/models/taskinstance.py", line 3182, in _execute_task
    return _execute_task(self, context, task_orig)
  File "/home/sst7260/airflow_projects/project1/env/lib/python3.10/site-packages/airflow/models/taskinstance.py", line 767, in _execute_task
    result = _execute_callable(context=context, **execute_callable_kwargs)
  File "/home/sst7260/airflow_projects/project1/env/lib/python3.10/site-packages/airflow/models/taskinstance.py", line 733, in _execute_callable
    return ExecutionCallableRunner(
  File "/home/sst7260/airflow_projects/project1/env/lib/python3.10/site-packages/airflow/utils/operator_helpers.py", line 252, in run
    return self.func(*args, **kwargs)
  File "/home/sst7260/airflow_projects/project1/env/lib/python3.10/site-packages/airflow/models/baseoperator.py", line 406, in wrapper
    return func(self, *args, **kwargs)
  File "/home/sst7260/airflow_projects/project1/env/lib/python3.10/site-packages/airflow/operators/python.py", line 238, in execute
    return_value = self.execute_callable()
  File "/home/sst7260/airflow_projects/project1/env/lib/python3.10/site-packages/airflow/operators/python.py", line 256, in execute_callable
    return runner.run(*self.op_args, **self.op_kwargs)
  File "/home/sst7260/airflow_projects/project1/env/lib/python3.10/site-packages/airflow/utils/operator_helpers.py", line 252, in run
    return self.func(*args, **kwargs)
  File "/home/sst7260/airflow_projects/project1/dags/beam_etl_dag.py", line 32, in run_beam_pipeline
    with beam.Pipeline(options=options) as p:
  File "/home/sst7260/airflow_projects/project1/env/lib/python3.10/site-packages/apache_beam/pipeline.py", line 613, in __exit__
    self.result = self.run()
  File "/home/sst7260/airflow_projects/project1/env/lib/python3.10/site-packages/apache_beam/pipeline.py", line 587, in run
    return self.runner.run_pipeline(self, self._options)
  File "/home/sst7260/airflow_projects/project1/env/lib/python3.10/site-packages/apache_beam/runners/direct/direct_runner.py", line 128, in run_pipeline
    return runner.run_pipeline(pipeline, options)
  File "/home/sst7260/airflow_projects/project1/env/lib/python3.10/site-packages/apache_beam/runners/portability/fn_api_runner/fn_runner.py", line 204, in run_pipeline
    self._latest_run_result = self.run_via_runner_api(
  File "/home/sst7260/airflow_projects/project1/env/lib/python3.10/site-packages/apache_beam/runners/portability/fn_api_runner/fn_runner.py", line 228, in run_via_runner_api
    return self.run_stages(stage_context, stages)
  File "/home/sst7260/airflow_projects/project1/env/lib/python3.10/site-packages/apache_beam/runners/portability/fn_api_runner/fn_runner.py", line 483, in run_stages
    bundle_results = self._execute_bundle(
  File "/home/sst7260/airflow_projects/project1/env/lib/python3.10/site-packages/apache_beam/runners/portability/fn_api_runner/fn_runner.py", line 811, in _execute_bundle
    self._run_bundle(
  File "/home/sst7260/airflow_projects/project1/env/lib/python3.10/site-packages/apache_beam/runners/portability/fn_api_runner/fn_runner.py", line 1048, in _run_bundle
    result, splits = bundle_manager.process_bundle(
  File "/home/sst7260/airflow_projects/project1/env/lib/python3.10/site-packages/apache_beam/runners/portability/fn_api_runner/fn_runner.py", line 1384, in process_bundle
    result_future = self._worker_handler.control_conn.push(process_bundle_req)
  File "/home/sst7260/airflow_projects/project1/env/lib/python3.10/site-packages/apache_beam/runners/portability/fn_api_runner/worker_handlers.py", line 384, in push
    response = self.worker.do_instruction(request)
  File "/home/sst7260/airflow_projects/project1/env/lib/python3.10/site-packages/apache_beam/runners/worker/sdk_worker.py", line 656, in do_instruction
    return getattr(self, request_type)(
  File "/home/sst7260/airflow_projects/project1/env/lib/python3.10/site-packages/apache_beam/runners/worker/sdk_worker.py", line 694, in process_bundle
    bundle_processor.process_bundle(instruction_id))
  File "/home/sst7260/airflow_projects/project1/env/lib/python3.10/site-packages/apache_beam/runners/worker/bundle_processor.py", line 1119, in process_bundle
    input_op_by_transform_id[element.transform_id].process_encoded(
  File "/home/sst7260/airflow_projects/project1/env/lib/python3.10/site-packages/apache_beam/runners/worker/bundle_processor.py", line 237, in process_encoded
    self.output(decoded_value)
  File "apache_beam/runners/worker/operations.py", line 569, in apache_beam.runners.worker.operations.Operation.output
  File "apache_beam/runners/worker/operations.py", line 571, in apache_beam.runners.worker.operations.Operation.output
  File "apache_beam/runners/worker/operations.py", line 262, in apache_beam.runners.worker.operations.SingletonElementConsumerSet.receive
  File "apache_beam/runners/worker/operations.py", line 265, in apache_beam.runners.worker.operations.SingletonElementConsumerSet.receive
  File "apache_beam/runners/worker/operations.py", line 1066, in apache_beam.runners.worker.operations.SdfProcessSizedElements.process
  File "apache_beam/runners/worker/operations.py", line 1075, in apache_beam.runners.worker.operations.SdfProcessSizedElements.process
  File "apache_beam/runners/common.py", line 1528, in apache_beam.runners.common.DoFnRunner.process_with_sized_restriction
  File "apache_beam/runners/common.py", line 894, in apache_beam.runners.common.PerWindowInvoker.invoke_process
  File "apache_beam/runners/common.py", line 1054, in apache_beam.runners.common.PerWindowInvoker._invoke_process_per_window
  File "apache_beam/runners/common.py", line 1682, in apache_beam.runners.common._OutputHandler.handle_process_outputs
  File "apache_beam/runners/common.py", line 1795, in apache_beam.runners.common._OutputHandler._write_value_to_tag
  File "apache_beam/runners/worker/operations.py", line 265, in apache_beam.runners.worker.operations.SingletonElementConsumerSet.receive
  File "apache_beam/runners/worker/operations.py", line 952, in apache_beam.runners.worker.operations.DoOperation.process
  File "apache_beam/runners/worker/operations.py", line 953, in apache_beam.runners.worker.operations.DoOperation.process
  File "apache_beam/runners/common.py", line 1498, in apache_beam.runners.common.DoFnRunner.process
  File "apache_beam/runners/common.py", line 1608, in apache_beam.runners.common.DoFnRunner._reraise_augmented
  File "apache_beam/runners/common.py", line 1496, in apache_beam.runners.common.DoFnRunner.process
  File "apache_beam/runners/common.py", line 689, in apache_beam.runners.common.SimpleInvoker.invoke_process
  File "/home/sst7260/airflow_projects/project1/env/lib/python3.10/site-packages/apache_beam/transforms/core.py", line 2041, in <lambda>
    wrapper = lambda x: [fn(x)]
  File "/home/sst7260/airflow_projects/project1/dags/beam_etl_dag.py", line 36, in <lambda>
    | 'Decode' >> beam.Map(lambda x: x.decode('ISO-8859-1').split(','))
AttributeError: 'str' object has no attribute 'decode' [while running 'Decode']
[2024-09-10T16:29:09.233+0530] {local_task_job_runner.py:266} INFO - Task exited with return code 1
[2024-09-10T16:29:09.242+0530] {taskinstance.py:3900} INFO - 0 downstream tasks scheduled from follow-on schedule check
[2024-09-10T16:29:09.243+0530] {local_task_job_runner.py:245} INFO - ::endgroup::
